\BOOKMARK [0][-]{chapter*.2}{Introduction}{}% 1
\BOOKMARK [0][-]{chapter.1}{Vaman-ESP32}{}% 2
\BOOKMARK [1][-]{section.1.1}{Flash Vaman-ESP32 using Arduino}{chapter.1}% 3
\BOOKMARK [1][-]{section.1.2}{Measuring Unknown Resistance Using Vaman-ESP}{chapter.1}% 4
\BOOKMARK [2][-]{subsection.1.2.1}{Components}{section.1.2}% 5
\BOOKMARK [2][-]{subsection.1.2.2}{Setting up the Display}{section.1.2}% 6
\BOOKMARK [2][-]{subsection.1.2.3}{Measuring the resistance}{section.1.2}% 7
\BOOKMARK [2][-]{subsection.1.2.4}{Displaying the Measured resistance on LCD and website}{section.1.2}% 8
\BOOKMARK [2][-]{subsection.1.2.5}{Explanation}{section.1.2}% 9
\BOOKMARK [1][-]{section.1.3}{I2C Communication Between Vaman-ESP and Arduino}{chapter.1}% 10
\BOOKMARK [2][-]{subsection.1.3.1}{Components}{section.1.3}% 11
\BOOKMARK [2][-]{subsection.1.3.2}{Setting up the Master and Slave}{section.1.3}% 12
\BOOKMARK [1][-]{section.1.4}{UART Communication between Vaman-ESP and Arduino}{chapter.1}% 13
\BOOKMARK [2][-]{subsection.1.4.1}{Components}{section.1.4}% 14
\BOOKMARK [2][-]{subsection.1.4.2}{Connections}{section.1.4}% 15
\BOOKMARK [2][-]{subsection.1.4.3}{Measuring the resistance}{section.1.4}% 16
\BOOKMARK [2][-]{subsection.1.4.4}{Displaying the Measured resistance on website}{section.1.4}% 17
\BOOKMARK [1][-]{section.1.5}{Bluetooth Controlled Seven segment Display}{chapter.1}% 18
\BOOKMARK [2][-]{subsection.1.5.1}{Components}{section.1.5}% 19
\BOOKMARK [2][-]{subsection.1.5.2}{Connections}{section.1.5}% 20
\BOOKMARK [0][-]{chapter.2}{Toy car}{}% 21
\BOOKMARK [1][-]{section.2.1}{Components Table}{chapter.2}% 22
\BOOKMARK [2][-]{subsection.2.1.1}{\(Vaman Board ESP32\)}{section.2.1}% 23
\BOOKMARK [2][-]{subsection.2.1.2}{DC Motors}{section.2.1}% 24
\BOOKMARK [2][-]{subsection.2.1.3}{L293 motor driver}{section.2.1}% 25
\BOOKMARK [2][-]{subsection.2.1.4}{USB UART}{section.2.1}% 26
\BOOKMARK [2][-]{subsection.2.1.5}{UGV frame/chassis}{section.2.1}% 27
\BOOKMARK [2][-]{subsection.2.1.6}{Batteries for powering various equipments}{section.2.1}% 28
\BOOKMARK [1][-]{section.2.2}{Assembling the UGV kit}{chapter.2}% 29
\BOOKMARK [1][-]{section.2.3}{Circuit Connections}{chapter.2}% 30
\BOOKMARK [2][-]{subsection.2.3.1}{Working }{section.2.3}% 31
\BOOKMARK [1][-]{section.2.4}{Code Execution For Wifi Toycar}{chapter.2}% 32
\BOOKMARK [1][-]{section.2.5}{Code Execution for Bluetooth Toycar}{chapter.2}% 33
